<?xml version="1.0" encoding="UTF-8"?>
<!-- Generated by org.testng.reporters.JUnitReportReporter -->
<testsuite hostname="WS-02636159" failures="0" tests="5" name="tests.CartPageTest" time="11.507" errors="0" timestamp="2023-12-31T22:05:03 MSK" skipped="0">
  <testcase classname="tests.CartPageTest" name="login_with_valid_creds" time="2.773"/>
  <system-out/>
  <testcase classname="tests.CartPageTest" name="add_item_to_cart_test" time="2.234"/>
  <system-out/>
  <testcase classname="tests.CartPageTest" name="cart_test" time="2.185"/>
  <system-out/>
  <testcase classname="tests.CartPageTest" name="check_cart_test" time="2.128"/>
  <system-out/>
  <testcase classname="tests.CartPageTest" name="go_from_cart_to_products_page" time="2.187"/>
  <system-out/>
</testsuite> <!-- tests.CartPageTest -->
