<?xml version="1.0" encoding="UTF-8"?>
<!-- Generated by org.testng.reporters.JUnitReportReporter -->
<testsuite hostname="WS-02636159" failures="0" tests="2" name="tests.CartTest" time="4.851" errors="0" timestamp="2023-11-25T20:18:27 MSK" skipped="0">
  <testcase classname="tests.CartTest" name="login_with_valid_creds" time="2.662"/>
  <system-out/>
  <testcase classname="tests.CartTest" name="add_item_to_cart_test" time="2.189"/>
  <system-out/>
</testsuite> <!-- tests.CartTest -->
