<?xml version="1.0" encoding="UTF-8"?>
<!-- Generated by org.testng.reporters.JUnitReportReporter -->
<testsuite hostname="WS-02636159" failures="0" tests="5" name="tests.ProductsPageSortingTest" time="11.608" errors="0" timestamp="2023-12-27T11:23:14 MSK" skipped="0">
  <testcase classname="tests.ProductsPageSortingTest" name="login_with_valid_creds" time="2.693"/>
  <system-out/>
  <testcase classname="tests.ProductsPageSortingTest" name="sortNameDesc_test" time="2.291"/>
  <system-out/>
  <testcase classname="tests.ProductsPageSortingTest" name="sortNameAsc_test" time="2.190"/>
  <system-out/>
  <testcase classname="tests.ProductsPageSortingTest" name="sortPriceAsc_test" time="2.238"/>
  <system-out/>
  <testcase classname="tests.ProductsPageSortingTest" name="sortPriceDesc_test" time="2.196"/>
  <system-out/>
</testsuite> <!-- tests.ProductsPageSortingTest -->
