<?xml version="1.0" encoding="UTF-8"?>
<!-- Generated by org.testng.reporters.JUnitReportReporter -->
<testsuite hostname="WS-02636159" failures="0" tests="5" name="tests.ProductsPageSortingTest" time="11.512" errors="0" timestamp="2024-01-04T23:40:40 MSK" skipped="0">
  <testcase classname="tests.ProductsPageSortingTest" name="login_with_valid_creds" time="2.655"/>
  <system-out/>
  <testcase classname="tests.ProductsPageSortingTest" name="sortNameDesc_test" time="2.259"/>
  <system-out/>
  <testcase classname="tests.ProductsPageSortingTest" name="sortNameAsc_test" time="2.204"/>
  <system-out/>
  <testcase classname="tests.ProductsPageSortingTest" name="sortPriceAsc_test" time="2.188"/>
  <system-out/>
  <testcase classname="tests.ProductsPageSortingTest" name="sortPriceDesc_test" time="2.206"/>
  <system-out/>
</testsuite> <!-- tests.ProductsPageSortingTest -->
