<?xml version="1.0" encoding="UTF-8"?>
<!-- Generated by org.testng.reporters.JUnitReportReporter -->
<testsuite hostname="WS-02636159" failures="0" tests="2" name="tests.LoginPageTest" time="2.051" errors="0" timestamp="2023-12-24T22:12:43 MSK" skipped="0">
  <testcase classname="tests.LoginPageTest" name="login_with_Wrong_creds" time="1.497"/>
  <system-out/>
  <testcase classname="tests.LoginPageTest" name="login_with_valid_creds" time="0.554"/>
  <system-out/>
</testsuite> <!-- tests.LoginPageTest -->
