<?xml version="1.0" encoding="UTF-8"?>
<!-- Generated by org.testng.reporters.JUnitReportReporter -->
<testsuite hostname="WS-02636159" failures="0" tests="4" name="tests.ProductsPageTest" time="9.327" errors="0" timestamp="2023-12-27T20:55:12 MSK" skipped="0">
  <testcase classname="tests.ProductsPageTest" name="login_with_valid_creds" time="2.715"/>
  <system-out/>
  <testcase classname="tests.ProductsPageTest" name="addProductToCart_test" time="2.298"/>
  <system-out/>
  <testcase classname="tests.ProductsPageTest" name="open_cart_page" time="2.183"/>
  <system-out/>
  <testcase classname="tests.ProductsPageTest" name="check_itemName_from_cart_test" time="2.131"/>
  <system-out/>
</testsuite> <!-- tests.ProductsPageTest -->
