<?xml version="1.0" encoding="UTF-8"?>
<!-- Generated by org.testng.reporters.JUnitReportReporter -->
<testsuite hostname="WS-02636159" failures="0" tests="6" name="tests.AddingProductsToCartTest" time="8.942" errors="0" timestamp="2023-12-28T22:26:27 MSK" skipped="0">
  <testcase classname="tests.AddingProductsToCartTest" name="open_cart_test" time="1.183"/>
  <system-out/>
  <testcase classname="tests.AddingProductsToCartTest" name="login_test" time="2.184"/>
  <system-out/>
  <testcase classname="tests.AddingProductsToCartTest" name="add_product_to_cart_test" time="1.356"/>
  <system-out/>
  <testcase classname="tests.AddingProductsToCartTest" name="add_product_to_cart_test" time="1.419"/>
  <system-out/>
  <testcase classname="tests.AddingProductsToCartTest" name="add_product_to_cart_test" time="1.589"/>
  <system-out/>
  <testcase classname="tests.AddingProductsToCartTest" name="make_sure_needed_items_are_added_to_cart" time="1.211"/>
  <system-out/>
</testsuite> <!-- tests.AddingProductsToCartTest -->
