<?xml version="1.0" encoding="UTF-8"?>
<!-- Generated by org.testng.reporters.JUnitReportReporter -->
<testsuite hostname="WS-02636159" failures="0" tests="4" name="tests.TestForTest" time="4.712" errors="0" timestamp="2023-12-26T19:18:04 MSK" skipped="2">
  <testcase classname="tests.TestForTest" name="login_with_valid_creds" time="2.574"/>
  <system-out/>
  <testcase classname="tests.TestForTest" name="addFirst_test" time="2.138"/>
  <system-out/>
  <testcase classname="tests.TestForTest" name="cartPage_is_opened_test">
    <skipped/>
  </testcase> <!-- cartPage_is_opened_test -->
  <system-out/>
  <testcase classname="tests.TestForTest" name="open_cart_page">
    <skipped/>
  </testcase> <!-- open_cart_page -->
  <system-out/>
</testsuite> <!-- tests.TestForTest -->
