<?xml version="1.0" encoding="UTF-8"?>
<!-- Generated by org.testng.reporters.JUnitReportReporter -->
<testsuite hostname="WS-02636159" failures="0" tests="2" name="tests.LoginPageTest" time="2.685" errors="0" timestamp="2024-01-04T23:40:40 MSK" skipped="0">
  <testcase classname="tests.LoginPageTest" name="login_with_Wrong_creds" time="1.983"/>
  <system-out/>
  <testcase classname="tests.LoginPageTest" name="login_with_valid_creds" time="0.702"/>
  <system-out/>
</testsuite> <!-- tests.LoginPageTest -->
